<?xml version="1.0" encoding="UTF-8"?>
<testsuite xmlns:xsi="http://www.w3.org/2001/XMLSchema-instance" xsi:noNamespaceSchemaLocation="https://maven.apache.org/surefire/maven-surefire-plugin/xsd/surefire-test-report-3.0.xsd" version="3.0" name="Pruebas.RegistrarViajeTest" time="0.055" tests="7" errors="0" skipped="0" failures="0">
  <properties>
[...]
</properties>
  <testcase name="testObtenerVehiculosExitoso" classname="Pruebas.RegistrarViajeTest" time="0.02">
    <system-out><![CDATA[--- Inicializando nuevo test ---
TEST: obtenerVehiculos
MOCK: Retornando 3 vehiculos
]]></system-out>
  </testcase>
  <testcase name="testValidarNoExiste" classname="Pruebas.RegistrarViajeTest" time="0.001">
    <system-out><![CDATA[--- Inicializando nuevo test ---
TEST: validarNoExiste
MOCK: Validacion exitosa - viaje no existe en el sistema
]]></system-out>
  </testcase>
  <testcase name="testObtenerVehiculo_RetornoParametro" classname="Pruebas.RegistrarViajeTest" time="0.003">
    <system-out><![CDATA[--- Inicializando nuevo test ---
TEST: obtenerVehiculo (Verifica retorno)
MOCK: Vehiculo obtenido: Chevrolet Camaro 2022
]]></system-out>
  </testcase>
  <testcase name="testCrearViajeExitoso" classname="Pruebas.RegistrarViajeTest" time="0.007">
    <system-out><![CDATA[--- Inicializando nuevo test ---
TEST: crearViaje (Registro Final)
MOCK: Viaje creado exitosamente
Origen: Itson centro
Destino: Itson nainari
Fecha: Wed Oct 29 02:33:05 MST 2025
Hora: 10:00
]]></system-out>
  </testcase>
  <testcase name="testCrearParada" classname="Pruebas.RegistrarViajeTest" time="0.002">
    <system-out><![CDATA[--- Inicializando nuevo test ---
TEST: crearParada (Agrega una parada)
MOCK: Parada creada - Direccion: Avenida Principal #123, Precio: $5.5
]]></system-out>
  </testcase>
  <testcase name="testAgregarAListaParadas_ListaNula" classname="Pruebas.RegistrarViajeTest" time="0.001">
    <system-out><![CDATA[--- Inicializando nuevo test ---
TEST: agregarAListaParadas (Lista Nula)
]]></system-out>
  </testcase>
  <testcase name="testAgregarAListaParadasSinError" classname="Pruebas.RegistrarViajeTest" time="0.003">
    <system-out><![CDATA[--- Inicializando nuevo test ---
TEST: agregarAListaParadas
MOCK: Se agregaron 3 paradas. Total: 3
]]></system-out>
  </testcase>
</testsuite>